<group name="MITRE ATT&CK">
<!--
Must config the windows agent to get event 5145

Event to test with /var/ossec/bin/ossec-logtest


{"win":{"system":{"providerName":"Microsoft-Windows-Security-Auditing","providerGuid":"{54849625-5478-4994-a5ba-3e3b0328c30d}","eventID":"5145","version":"0","level":"0","task":"12811","opcode":"0","keywords":"0x8020000000000000","systemTime":"2019-12-04T12:45:38.962884600Z","eventRecordID":"267092","processID":"4","threadID":"284","channel":"Security","computer":"DESKTOP-D33AN6I","severityValue":"AUDIT_SUCCESS","message":"Se salió de un proceso."},"eventdata":{"subjectUserSid":"S-1-5-21-2635242741-4024004514-10403589-1001","subjectUserName":"Zenidd","subjectDomainName":"DESKTOP-D33AN6I","subjectLogonId":"0x6e03e","ObjectType":"File","IpAddress":"fe80::31ea:6c3c:f40d:1973","IpPort":"56926","ShareName":"\\admin$","ShareLocalPath":"\\??\\C:\\Documents","RelativeTargetName":"5501-WKSTN1-4020-stdout","AccessMask":"0x100081","AccessList":"%%1541 %%4416 %%4423","AccessReason":"%%1541: %%1801 D:(A;;FA;;;WD) %%4416: %%1801 D:(A;;FA;;;WD) %%4423: %%1801 D:(A;;FA;;;WD)"}}}

{"win":{"system":{"providerName":"Microsoft-Windows-Security-Auditing","providerGuid":"{54849625-5478-4994-a5ba-3e3b0328c30d}","eventID":"5142","version":"0","level":"0","task":"12808","opcode":"0","keywords":"0x8020000000000000","systemTime":"2019-12-04T12:45:38.962884600Z","eventRecordID":"6273","processID":"4","threadID":"4","channel":"Security","computer":"DESKTOP-D33AN6I","severityValue":"AUDIT_SUCCESS","message":"Se agregó un objeto de recurso compartido de red."},"eventdata":{"subjectUserSid":"S-1-5-21-2635242741-4024004514-10403589-1001","subjectUserName":"IEUser","subjectDomainName":"DESKTOP-D33AN6I","subjectLogonId":"0x128a9","IpAddress":"fe80::31ea:6c3c:f40d:1973","ShareName":"\\*\\PRINT","ShareLocalPath":"c:\\windows\\system32"}}}

{"win":{"system":{"providerName":"Microsoft-Windows-Security-Auditing","providerGuid":"{54849625-5478-4994-a5ba-3e3b0328c30d}","eventID":"4648","version":"0","level":"0","task":"12544","opcode":"0","keywords":"0x8020000000000000","systemTime":"2019-12-04T12:45:38.962884600Z","eventRecordID":"433350","processID":"524","threadID":"2668","channel":"Security","computer":"PC01.example.corp","severityValue":"AUDIT_SUCCESS","message":"Se intentó iniciar sesión con credenciales explícitas."},"eventdata":{"subjectUserSid":"S-1-5-21-1587066498-1489273250-1035260531-1106","subjectUserName":"user01","subjectDomainName":"EXAMPLE","subjectLogonId":"0x18a7875","LogonGuid":"{3523b8be-1c1a-a740-a8c3-4cc91a5f3b14}","TargetUserName":"administrator","TargetDomainName":"example","TargetLogonGuid":"{00000000-0000-0000-0000-000000000000}""TargetServerName":"WIN-77LTAPHIQ1R.example.corp","TargetInfo":"WIN-77LTAPHIQ1R.example.corp","ProcessId":"0x44c","ProcessName":"C:\Windows\System32\wbem\WMIC.exe","IpAddress":"-","IpPort":"-"}}}

-->
<!-- LATERAL MOVEMENT -->
<rule id="100200" level="10">
   <if_sid>60103</if_sid>
   <field name="win.system.eventID">5145</field>
   <field name="win.eventdata.ShareName">\.*(d\$)|(admin\$)|(c\$)|(C\$)|(ipc\$)|(IPC\$)\.*</field>
   <description>Mitre ATT&CK T1077, Lateral movement, Windows admin shares</description>
   <options>no_full_log</options>
</rule>
<rule id="100201" level="7">
   <if_sid>60103</if_sid>
   <field name="win.system.eventID">5142</field>
   <description>Mitre ATT&CK T1105, Lateral movement, Remote File Copy, Net Share drive</description>
   <options>no_full_log</options>
</rule>
<rule id="100202" level="10">
   <if_sid>60103</if_sid>
   <field name="win.system.eventID">4648</field>
   <field name="win.eventdata.ProcessName">C:\\Windows\\System32\\wbem\\WMIC.exe</field>
   <description>Mitre ATT&CK T1021, Lateral movement, Remote services, WMI Remote Access</description>
   <options>no_full_log</options>
</rule>
<!--
{"win":{"system":{"providerName":"Microsoft-Windows-Security-Auditing","providerGuid":"{54849625-5478-4994-a5ba-3e3b0328c30d}","eventID":"4624","version":"2","level":"0","task":"12544","opcode":"0","keywords":"0x8020000000000000","systemTime":"2019-12-04T12:45:38.962884600Z","eventRecordID":"10113","processID":"620","threadID":"5596","channel":"Security","computer":"MSEDGEWIN10","severityValue":"AUDIT_SUCCESS","message":"Se inició sesión correctamente en una cuenta."},"eventdata":{"subjectUserSid":"S-1-5-21-3461203602-4096304019-2269080069-1000","subjectUserName":"IEUser","subjectDomainName":"MSEDGEWIN10","subjectLogonId":"0x2e4ce","TargetUserSid":"S-1-5-21-3461203602-4096304019-2269080069-1000","TargetUserName":"IEUser","TargetDomainName":"MSEDGEWIN10","TargetLogonId":"0x38f87e","LogonType":"9","LogonProcessName":"seclogo","AuthenticationPackageName":"Negotiate","WorkstationName":"-","LogonGuid":"{00000000-0000-0000-0000-000000000000}","TransmittedServices":"-","LmPackageName":"-","KeyLength":"0","ProcessId":"0x1b90","ProcessName":"C:\Windows\System32\svchost.exe","IpAddress":"::1","IpPort":"0","ImpersonationLevel":"%%1833","RestrictedAdminMode":"-","TargetOutboundUserName":"l","TargetOutboundDomainName":"o","VirtualAccount":"%%1843","TargetLinkedLogonId":"0x0","ElevatedToken":"%%1843"}}}
-->
<!-- PRIVILEGE ESCALATION -->

<rule id="100220" level="10">
   <if_sid>60103</if_sid>
   <field name="win.system.eventID">4624</field>
   <field name="win.eventdata.LogonType">9</field>
   <description>Mitre ATT&CK T1134, Privilege Escalation, Access Token Manipulation, UAC Token Duplication</description>
   <options>no_full_log</options>
</rule>
</group>
